<?xml version="1.0" encoding="UTF-8"?>
<!-- Generated by org.testng.reporters.JUnitReportReporter -->
<testsuite hostname="DESKTOP-FEL46G5" name="testScripts.NewLL" tests="1" failures="0" timestamp="12 Feb 2021 16:25:23 GMT" time="467.763" errors="0">
  <testcase name="NewLL_Public" time="467.763" classname="testScripts.NewLL"/>
</testsuite> <!-- testScripts.NewLL -->
