<?xml version="1.0" encoding="UTF-8"?>
<!-- Generated by org.testng.reporters.JUnitReportReporter -->
<testsuite skipped="0" hostname="DELL-PC" name="testScripts.Module3" tests="2" failures="0" timestamp="11 Jan 2019 02:09:28 GMT" time="0.974" errors="0">
  <testcase name="TC301" time="0.106" classname="testScripts.Module3"/>
  <testcase name="TC302" time="0.868" classname="testScripts.Module3"/>
</testsuite> <!-- testScripts.Module3 -->
