<?xml version="1.0" encoding="UTF-8"?>
<!-- Generated by org.testng.reporters.JUnitReportReporter -->
<testsuite hostname="DESKTOP-FEL46G5" name="testScripts.NewDL" tests="2" failures="0" timestamp="9 Feb 2021 10:23:03 GMT" time="320.452" errors="0">
  <testcase name="DLBacklog" time="168.211" classname="testScripts.NewDL"/>
  <testcase name="DLBacklog" time="152.241" classname="testScripts.NewDL"/>
</testsuite> <!-- testScripts.NewDL -->
