<?xml version="1.0" encoding="UTF-8"?>
<!-- Generated by org.testng.reporters.JUnitReportReporter -->
<testsuite hostname="DESKTOP-FEL46G5" name="testScripts.RunDatabasewithVPN" tests="1" failures="0" timestamp="11 Feb 2021 15:25:58 GMT" time="3.306" errors="0">
  <testcase name="DataRefresh" time="3.306" classname="testScripts.RunDatabasewithVPN"/>
</testsuite> <!-- testScripts.RunDatabasewithVPN -->
